<?xml version="1.0" encoding="UTF-8"?>
<!-- Generated by org.testng.reporters.JUnitReportReporter -->
<testsuite hostname="skc" name="com.test.TestNgFeatures" tests="7" failures="0" timestamp="26 Apr 2020 16:42:25 GMT" time="0.024" errors="0">
  <testcase name="logintest" time="0.002" classname="com.test.TestNgFeatures"/>
  <testcase name="logintest" time="0.003" classname="com.test.TestNgFeatures"/>
  <testcase name="test1" time="0.003" classname="com.test.TestNgFeatures"/>
  <testcase name="logintest" time="0.002" classname="com.test.TestNgFeatures"/>
  <testcase name="logintest" time="0.002" classname="com.test.TestNgFeatures"/>
  <testcase name="logintest" time="0.002" classname="com.test.TestNgFeatures"/>
  <testcase name="homepage" time="0.010" classname="com.test.TestNgFeatures"/>
</testsuite> <!-- com.test.TestNgFeatures -->
