<?xml version="1.0" encoding="UTF-8"?>
<!-- Generated by org.testng.reporters.JUnitReportReporter -->
<testsuite hostname="skc" name="com.test.TestNgBasics" tests="2" failures="0" timestamp="26 Apr 2020 16:42:25 GMT" time="0.019" errors="0">
  <testcase name="closebrowser" time="0.005" classname="com.test.TestNgBasics"/>
  <testcase name="testbrowser" time="0.014" classname="com.test.TestNgBasics"/>
</testsuite> <!-- com.test.TestNgBasics -->
